TN:
SF:src/modules/admin/api/admin.api.ts
FN:83,(anonymous_0)
FN:88,(anonymous_1)
FN:93,(anonymous_2)
FN:98,(anonymous_3)
FN:104,(anonymous_4)
FN:111,(anonymous_5)
FN:116,(anonymous_6)
FN:121,(anonymous_7)
FN:127,(anonymous_8)
FN:132,(anonymous_9)
FN:137,(anonymous_10)
FN:148,(anonymous_11)
FN:157,(anonymous_12)
FN:164,(anonymous_13)
FN:169,(anonymous_14)
FN:176,(anonymous_15)
FNF:16
FNH:16
FNDA:12,(anonymous_0)
FNDA:2,(anonymous_1)
FNDA:1,(anonymous_2)
FNDA:3,(anonymous_3)
FNDA:3,(anonymous_4)
FNDA:2,(anonymous_5)
FNDA:2,(anonymous_6)
FNDA:1,(anonymous_7)
FNDA:3,(anonymous_8)
FNDA:4,(anonymous_9)
FNDA:2,(anonymous_10)
FNDA:1,(anonymous_11)
FNDA:2,(anonymous_12)
FNDA:6,(anonymous_13)
FNDA:1,(anonymous_14)
FNDA:1,(anonymous_15)
DA:80,3
DA:84,12
DA:85,12
DA:89,2
DA:90,2
DA:94,1
DA:95,1
DA:99,3
DA:105,3
DA:108,3
DA:112,2
DA:113,1
DA:117,2
DA:118,1
DA:122,1
DA:128,3
DA:129,3
DA:133,4
DA:134,4
DA:141,2
DA:145,1
DA:149,1
DA:152,1
DA:158,2
DA:161,2
DA:165,6
DA:166,6
DA:170,1
DA:173,1
DA:177,1
DA:180,1
LF:31
LH:31
BRF:0
BRH:0
end_of_record
TN:
SF:src/modules/admin/categories/components/CategoryForm.tsx
FN:11,CategoryForm
FN:15,handleNameChange
FN:22,handleSubmit
FN:37,(anonymous_3)
FN:51,(anonymous_4)
FNF:5
FNH:4
FNDA:15,CategoryForm
FNDA:13,handleNameChange
FNDA:1,handleSubmit
FNDA:13,(anonymous_3)
FNDA:0,(anonymous_4)
DA:12,15
DA:13,15
DA:16,13
DA:17,13
DA:18,13
DA:23,1
DA:24,1
DA:27,15
DA:37,13
DA:51,0
LF:10
LH:9
BRDA:12,0,0,15
BRDA:12,0,1,15
BRDA:13,1,0,15
BRDA:13,1,1,15
BRDA:17,2,0,13
BRDA:17,2,1,0
BRDA:70,3,0,0
BRDA:70,3,1,15
BRDA:70,4,0,0
BRDA:70,4,1,15
BRF:10
BRH:7
end_of_record
TN:
SF:src/modules/admin/categories/components/CategoryTable.tsx
FN:9,CategoryTable
FN:25,(anonymous_1)
FN:32,(anonymous_2)
FN:39,(anonymous_3)
FNF:4
FNH:3
FNDA:14,CategoryTable
FNDA:14,(anonymous_1)
FNDA:0,(anonymous_2)
FNDA:3,(anonymous_3)
DA:10,14
DA:11,0
DA:14,14
DA:26,14
DA:32,0
DA:39,3
LF:6
LH:4
BRDA:10,0,0,0
BRDA:10,0,1,14
BRF:2
BRH:1
end_of_record
TN:
SF:src/modules/admin/categories/pages/AdminCategoriesPage.tsx
FN:15,AdminCategoriesPage
FN:25,handleEdit
FN:30,handleFormSubmit
FN:32,(anonymous_3)
FN:36,(anonymous_4)
FN:41,handleDeleteConfirm
FN:44,(anonymous_6)
FN:45,(anonymous_7)
FN:58,(anonymous_8)
FN:74,(anonymous_9)
FN:97,(anonymous_10)
FNF:11
FNH:7
FNDA:23,AdminCategoriesPage
FNDA:0,handleEdit
FNDA:1,handleFormSubmit
FNDA:1,(anonymous_3)
FNDA:0,(anonymous_4)
FNDA:1,handleDeleteConfirm
FNDA:1,(anonymous_6)
FNDA:0,(anonymous_7)
FNDA:2,(anonymous_8)
FNDA:0,(anonymous_9)
FNDA:1,(anonymous_10)
DA:16,23
DA:17,23
DA:18,23
DA:19,23
DA:21,23
DA:22,23
DA:23,23
DA:26,0
DA:27,0
DA:31,1
DA:32,1
DA:33,0
DA:34,0
DA:36,0
DA:42,1
DA:43,1
DA:44,1
DA:45,0
DA:49,23
DA:51,23
DA:58,2
DA:74,0
DA:97,1
LF:23
LH:16
BRDA:16,0,0,23
BRDA:31,1,0,1
BRDA:31,1,1,0
BRDA:33,2,0,0
BRDA:33,2,1,0
BRDA:33,3,0,0
BRDA:33,3,1,0
BRDA:42,4,0,0
BRDA:42,4,1,1
BRDA:49,5,0,23
BRDA:49,5,1,23
BRDA:55,6,0,23
BRDA:55,6,1,21
BRDA:66,7,0,23
BRDA:66,7,1,2
BRDA:69,8,0,2
BRDA:69,8,1,0
BRDA:72,9,0,2
BRDA:72,9,1,2
BRDA:80,10,0,7
BRDA:80,10,1,16
BRF:21
BRH:14
end_of_record
TN:
SF:src/modules/admin/components/ConfirmModal.tsx
FN:12,ConfirmModal
FNF:1
FNH:1
FNDA:44,ConfirmModal
DA:22,44
DA:24,11
LF:2
LH:2
BRDA:16,0,0,44
BRDA:17,1,0,44
BRDA:18,2,0,44
BRDA:22,3,0,33
BRDA:22,3,1,11
BRDA:52,4,0,6
BRDA:52,4,1,5
BRF:7
BRH:7
end_of_record
TN:
SF:src/modules/admin/components/StatusBadge.tsx
FN:19,StatusBadge
FNF:1
FNH:1
FNDA:19,StatusBadge
DA:7,2
DA:20,19
DA:22,19
LF:3
LH:3
BRDA:20,0,0,19
BRDA:20,0,1,1
BRF:2
BRH:2
end_of_record
TN:
SF:src/modules/admin/customers/components/CustomersTable.tsx
FN:9,CustomersTable
FN:26,(anonymous_1)
FNF:2
FNH:2
FNDA:1,CustomersTable
FNDA:1,(anonymous_1)
DA:10,1
DA:11,0
DA:14,1
DA:27,1
LF:4
LH:3
BRDA:10,0,0,0
BRDA:10,0,1,1
BRDA:30,1,0,1
BRDA:30,1,1,0
BRDA:33,2,0,1
BRDA:33,2,1,0
BRF:6
BRH:3
end_of_record
TN:
SF:src/modules/admin/customers/components/EnableDisableControl.tsx
FN:10,EnableDisableControl
FN:17,handleConfirm
FN:19,(anonymous_2)
FN:21,(anonymous_3)
FN:29,(anonymous_4)
FN:52,(anonymous_5)
FNF:6
FNH:1
FNDA:6,EnableDisableControl
FNDA:0,handleConfirm
FNDA:0,(anonymous_2)
FNDA:0,(anonymous_3)
FNDA:0,(anonymous_4)
FNDA:0,(anonymous_5)
DA:11,6
DA:12,6
DA:13,6
DA:15,6
DA:18,0
DA:19,0
DA:21,0
DA:25,6
DA:29,0
DA:52,0
LF:10
LH:5
BRDA:15,0,0,6
BRDA:15,0,1,6
BRDA:18,1,0,0
BRDA:18,1,1,0
BRDA:33,2,0,5
BRDA:33,2,1,1
BRDA:38,3,0,5
BRDA:38,3,1,1
BRDA:43,4,0,5
BRDA:43,4,1,1
BRDA:45,5,0,5
BRDA:45,5,1,1
BRDA:49,6,0,5
BRDA:49,6,1,1
BRF:14
BRH:12
end_of_record
TN:
SF:src/modules/admin/customers/pages/AdminCustomerDetailsPage.tsx
FN:6,AdminCustomerDetailsPage
FNF:1
FNH:1
FNDA:12,AdminCustomerDetailsPage
DA:7,12
DA:8,12
DA:10,12
DA:11,6
DA:14,6
DA:15,0
DA:18,6
LF:7
LH:6
BRDA:7,0,0,12
BRDA:10,1,0,6
BRDA:10,1,1,6
BRDA:14,2,0,0
BRDA:14,2,1,6
BRDA:44,3,0,5
BRDA:44,3,1,1
BRDA:47,4,0,12
BRDA:47,4,1,5
BRF:9
BRH:8
end_of_record
TN:
SF:src/modules/admin/customers/pages/AdminCustomersPage.tsx
FN:4,AdminCustomersPage
FNF:1
FNH:1
FNDA:2,AdminCustomersPage
DA:5,2
DA:6,2
DA:8,2
LF:3
LH:3
BRDA:6,0,0,2
BRDA:6,0,1,1
BRDA:11,1,0,1
BRDA:11,1,1,1
BRF:4
BRH:4
end_of_record
TN:
SF:src/modules/admin/hooks/useAdminCategories.ts
FN:13,(anonymous_0)
FN:16,useAdminListCategories
FN:24,useAdminCreateCategory
FN:28,(anonymous_3)
FN:29,(anonymous_4)
FN:33,(anonymous_5)
FN:39,useAdminUpdateCategory
FN:43,(anonymous_7)
FN:45,(anonymous_8)
FN:49,(anonymous_9)
FN:55,useAdminDeleteCategory
FN:59,(anonymous_11)
FN:60,(anonymous_12)
FN:64,(anonymous_13)
FNF:14
FNH:12
FNDA:28,(anonymous_0)
FNDA:28,useAdminListCategories
FNDA:25,useAdminCreateCategory
FNDA:2,(anonymous_3)
FNDA:2,(anonymous_4)
FNDA:0,(anonymous_5)
FNDA:25,useAdminUpdateCategory
FNDA:1,(anonymous_7)
FNDA:1,(anonymous_8)
FNDA:0,(anonymous_9)
FNDA:27,useAdminDeleteCategory
FNDA:3,(anonymous_11)
FNDA:2,(anonymous_12)
FNDA:1,(anonymous_13)
DA:11,2
DA:13,28
DA:17,28
DA:25,25
DA:27,25
DA:28,2
DA:30,2
DA:31,2
DA:34,0
DA:40,25
DA:42,25
DA:44,1
DA:46,1
DA:47,1
DA:50,0
DA:56,27
DA:58,27
DA:59,3
DA:61,2
DA:62,2
DA:66,1
DA:67,1
DA:69,0
LF:23
LH:20
BRDA:66,0,0,1
BRDA:66,0,1,0
BRDA:66,1,0,1
BRDA:66,1,1,1
BRF:4
BRH:3
end_of_record
TN:
SF:src/modules/admin/hooks/useAdminCustomers.ts
FN:8,(anonymous_0)
FN:10,(anonymous_1)
FN:14,useAdminListCustomers
FN:17,(anonymous_3)
FN:23,useAdminCustomerDetails
FN:26,(anonymous_5)
FN:33,useAdminEnableCustomer
FN:37,(anonymous_7)
FN:38,(anonymous_8)
FN:43,(anonymous_9)
FN:50,useAdminDisableCustomer
FN:54,(anonymous_11)
FN:55,(anonymous_12)
FN:60,(anonymous_13)
FNF:14
FNH:12
FNDA:4,(anonymous_0)
FNDA:14,(anonymous_1)
FNDA:4,useAdminListCustomers
FNDA:2,(anonymous_3)
FNDA:12,useAdminCustomerDetails
FNDA:6,(anonymous_5)
FNDA:8,useAdminEnableCustomer
FNDA:1,(anonymous_7)
FNDA:1,(anonymous_8)
FNDA:0,(anonymous_9)
FNDA:8,useAdminDisableCustomer
FNDA:1,(anonymous_11)
FNDA:1,(anonymous_12)
FNDA:0,(anonymous_13)
DA:6,2
DA:9,4
DA:10,14
DA:15,4
DA:17,2
DA:24,12
DA:26,6
DA:34,8
DA:36,8
DA:37,1
DA:39,1
DA:40,1
DA:41,1
DA:44,0
DA:51,8
DA:53,8
DA:54,1
DA:56,1
DA:57,1
DA:58,1
DA:61,0
LF:21
LH:19
BRF:0
BRH:0
end_of_record
TN:
SF:src/modules/admin/hooks/useAdminOrders.ts
FN:12,(anonymous_0)
FN:13,(anonymous_1)
FN:17,useAdminListOrders
FN:20,(anonymous_3)
FN:26,useAdminOrderDetails
FN:29,(anonymous_5)
FN:36,useAdminUpdateOrderStatus
FN:40,(anonymous_7)
FN:47,(anonymous_8)
FN:52,(anonymous_9)
FN:59,useAdminRefundOrder
FN:63,(anonymous_11)
FN:64,(anonymous_12)
FN:69,(anonymous_13)
FNF:14
FNH:13
FNDA:6,(anonymous_0)
FNDA:10,(anonymous_1)
FNDA:6,useAdminListOrders
FNDA:3,(anonymous_3)
FNDA:8,useAdminOrderDetails
FNDA:4,(anonymous_5)
FNDA:7,useAdminUpdateOrderStatus
FNDA:2,(anonymous_7)
FNDA:1,(anonymous_8)
FNDA:1,(anonymous_9)
FNDA:14,useAdminRefundOrder
FNDA:1,(anonymous_11)
FNDA:1,(anonymous_12)
FNDA:0,(anonymous_13)
DA:10,3
DA:12,6
DA:13,10
DA:18,6
DA:20,3
DA:27,8
DA:29,4
DA:37,7
DA:39,7
DA:46,2
DA:48,1
DA:49,1
DA:50,1
DA:53,1
DA:60,14
DA:62,14
DA:63,1
DA:65,1
DA:66,1
DA:67,1
DA:70,0
LF:21
LH:20
BRF:0
BRH:0
end_of_record
TN:
SF:src/modules/admin/hooks/useAdminProducts.ts
FN:13,(anonymous_0)
FN:18,useAdminListProducts
FN:21,(anonymous_2)
FN:27,useAdminCreateProduct
FN:31,(anonymous_4)
FN:32,(anonymous_5)
FN:36,(anonymous_6)
FN:43,useAdminUpdateProduct
FN:47,(anonymous_8)
FN:49,(anonymous_9)
FN:53,(anonymous_10)
FN:60,useAdminDeleteProduct
FN:64,(anonymous_12)
FN:65,(anonymous_13)
FN:69,(anonymous_14)
FNF:15
FNH:14
FNDA:5,(anonymous_0)
FNDA:5,useAdminListProducts
FNDA:3,(anonymous_2)
FNDA:7,useAdminCreateProduct
FNDA:2,(anonymous_4)
FNDA:1,(anonymous_5)
FNDA:1,(anonymous_6)
FNDA:7,useAdminUpdateProduct
FNDA:2,(anonymous_8)
FNDA:1,(anonymous_9)
FNDA:1,(anonymous_10)
FNDA:5,useAdminDeleteProduct
FNDA:1,(anonymous_12)
FNDA:1,(anonymous_13)
FNDA:0,(anonymous_14)
DA:11,2
DA:14,5
DA:19,5
DA:21,3
DA:28,7
DA:30,7
DA:31,2
DA:33,1
DA:34,1
DA:37,1
DA:44,7
DA:46,7
DA:48,2
DA:50,1
DA:51,1
DA:54,1
DA:61,5
DA:63,5
DA:64,1
DA:66,1
DA:67,1
DA:70,0
LF:22
LH:21
BRF:0
BRH:0
end_of_record
TN:
SF:src/modules/admin/orders/components/OrdersTable.tsx
FN:9,OrdersTable
FN:27,(anonymous_1)
FNF:2
FNH:2
FNDA:2,OrdersTable
FNDA:2,(anonymous_1)
DA:10,2
DA:11,0
DA:14,2
DA:28,2
LF:4
LH:3
BRDA:10,0,0,0
BRDA:10,0,1,2
BRDA:31,1,0,2
BRDA:31,1,1,0
BRF:4
BRH:2
end_of_record
TN:
SF:src/modules/admin/orders/components/RefundAction.tsx
FN:13,RefundAction
FN:21,handleConfirm
FN:22,(anonymous_2)
FN:29,(anonymous_3)
FN:41,(anonymous_4)
FNF:5
FNH:3
FNDA:12,RefundAction
FNDA:0,handleConfirm
FNDA:0,(anonymous_2)
FNDA:2,(anonymous_3)
FNDA:1,(anonymous_4)
DA:11,2
DA:14,12
DA:15,12
DA:17,12
DA:19,12
DA:22,0
DA:25,7
DA:29,2
DA:41,1
LF:9
LH:8
BRDA:17,0,0,12
BRDA:17,0,1,11
BRDA:19,1,0,5
BRDA:19,1,1,7
BRF:4
BRH:4
end_of_record
TN:
SF:src/modules/admin/orders/components/StatusUpdateControl.tsx
FN:18,StatusUpdateControl
FN:22,handleUpdate
FN:31,(anonymous_2)
FN:35,(anonymous_3)
FNF:4
FNH:2
FNDA:3,StatusUpdateControl
FNDA:0,handleUpdate
FNDA:0,(anonymous_2)
FNDA:15,(anonymous_3)
DA:5,1
DA:19,3
DA:20,3
DA:23,0
DA:24,0
DA:27,3
DA:31,0
DA:36,15
LF:8
LH:5
BRDA:19,0,0,3
BRDA:19,0,1,0
BRDA:23,1,0,0
BRDA:23,1,1,0
BRDA:44,2,0,3
BRDA:44,2,1,3
BRDA:47,3,0,0
BRDA:47,3,1,3
BRF:8
BRH:4
end_of_record
TN:
SF:src/modules/admin/orders/pages/AdminOrderDetailsPage.tsx
FN:7,AdminOrderDetailsPage
FN:66,(anonymous_1)
FNF:2
FNH:2
FNDA:6,AdminOrderDetailsPage
FNDA:3,(anonymous_1)
DA:8,6
DA:9,6
DA:11,6
DA:12,3
DA:15,3
DA:16,0
DA:19,3
DA:67,3
LF:8
LH:7
BRDA:8,0,0,6
BRDA:11,1,0,3
BRDA:11,1,1,3
BRDA:15,2,0,0
BRDA:15,2,1,3
BRDA:28,3,0,3
BRDA:28,3,1,0
BRDA:48,4,0,2
BRDA:48,4,1,1
BRDA:68,5,0,3
BRDA:68,5,1,0
BRDA:79,6,0,6
BRDA:79,6,1,0
BRDA:80,7,0,6
BRDA:80,7,1,0
BRF:15
BRH:10
end_of_record
TN:
SF:src/modules/admin/orders/pages/AdminOrdersPage.tsx
FN:4,AdminOrdersPage
FNF:1
FNH:1
FNDA:4,AdminOrdersPage
DA:5,4
DA:6,4
DA:8,4
LF:3
LH:3
BRDA:6,0,0,4
BRDA:6,0,1,2
BRDA:11,1,0,2
BRDA:11,1,1,2
BRF:4
BRH:4
end_of_record
TN:
SF:src/modules/admin/pages/AdminDashboardPage.tsx
FN:1,AdminDashboardPage
FNF:1
FNH:1
FNDA:1,AdminDashboardPage
DA:2,1
LF:1
LH:1
BRF:0
BRH:0
end_of_record
TN:
SF:src/modules/admin/products/components/ImageUpload.tsx
FN:9,ImageUpload
FN:15,handleChange
FN:44,(anonymous_2)
FNF:3
FNH:2
FNDA:61,ImageUpload
FNDA:4,handleChange
FNDA:0,(anonymous_2)
DA:10,61
DA:11,61
DA:12,61
DA:13,61
DA:16,4
DA:17,4
DA:18,3
DA:19,3
DA:20,3
DA:21,3
DA:22,1
DA:23,1
DA:25,1
DA:27,2
DA:31,61
DA:44,0
LF:16
LH:15
BRDA:17,0,0,1
BRDA:17,0,1,3
BRDA:35,1,0,61
BRDA:35,1,1,2
BRDA:48,2,0,3
BRDA:48,2,1,58
BRDA:48,3,0,2
BRDA:48,3,1,56
BRDA:59,4,0,61
BRDA:59,4,1,1
BRF:10
BRH:10
end_of_record
TN:
SF:src/modules/admin/products/components/ProductForm.tsx
FN:13,ProductForm
FN:28,handleNameChange
FN:35,handleSubmit
FN:60,(anonymous_3)
FN:73,(anonymous_4)
FN:87,(anonymous_5)
FN:104,(anonymous_6)
FN:118,(anonymous_7)
FN:130,(anonymous_8)
FN:135,(anonymous_9)
FNF:10
FNH:9
FNDA:50,ProductForm
FNDA:33,handleNameChange
FNDA:1,handleSubmit
FNDA:33,(anonymous_3)
FNDA:0,(anonymous_4)
FNDA:4,(anonymous_5)
FNDA:3,(anonymous_6)
FNDA:2,(anonymous_7)
FNDA:1,(anonymous_8)
FNDA:50,(anonymous_9)
DA:20,50
DA:21,50
DA:22,50
DA:23,50
DA:24,50
DA:25,50
DA:26,50
DA:29,33
DA:30,33
DA:31,20
DA:36,1
DA:37,1
DA:46,1
DA:49,50
DA:60,33
DA:73,0
DA:87,4
DA:104,3
DA:118,2
DA:130,1
DA:136,50
LF:21
LH:20
BRDA:20,0,0,50
BRDA:20,0,1,35
BRDA:21,1,0,50
BRDA:21,1,1,35
BRDA:22,2,0,50
BRDA:22,2,1,35
BRDA:23,3,0,50
BRDA:23,3,1,35
BRDA:24,4,0,50
BRDA:24,4,1,35
BRDA:25,5,0,50
BRDA:25,5,1,35
BRDA:30,6,0,20
BRDA:30,6,1,13
BRDA:44,7,0,0
BRDA:44,7,1,1
BRDA:159,8,0,1
BRDA:159,8,1,49
BRDA:159,9,0,15
BRDA:159,9,1,34
BRF:20
BRH:19
end_of_record
TN:
SF:src/modules/admin/products/components/ProductTable.tsx
FN:9,ProductTable
FN:27,(anonymous_1)
FN:40,(anonymous_2)
FN:47,(anonymous_3)
FNF:4
FNH:4
FNDA:8,ProductTable
FNDA:7,(anonymous_1)
FNDA:1,(anonymous_2)
FNDA:1,(anonymous_3)
DA:10,8
DA:11,1
DA:14,7
DA:28,7
DA:40,1
DA:47,1
LF:6
LH:6
BRDA:10,0,0,1
BRDA:10,0,1,7
BRDA:30,1,0,7
BRDA:30,1,1,1
BRDA:33,2,0,1
BRDA:33,2,1,6
BRF:6
BRH:6
end_of_record
TN:
SF:src/modules/admin/products/pages/AdminProductsPage.tsx
FN:16,AdminProductsPage
FN:29,handleEdit
FN:34,handleFormSubmit
FN:36,(anonymous_3)
FN:40,(anonymous_4)
FN:45,handleDeleteConfirm
FN:48,(anonymous_6)
FN:49,(anonymous_7)
FN:62,(anonymous_8)
FN:79,(anonymous_9)
FN:102,(anonymous_10)
FNF:11
FNH:1
FNDA:3,AdminProductsPage
FNDA:0,handleEdit
FNDA:0,handleFormSubmit
FNDA:0,(anonymous_3)
FNDA:0,(anonymous_4)
FNDA:0,handleDeleteConfirm
FNDA:0,(anonymous_6)
FNDA:0,(anonymous_7)
FNDA:0,(anonymous_8)
FNDA:0,(anonymous_9)
FNDA:0,(anonymous_10)
DA:17,3
DA:18,3
DA:19,3
DA:20,3
DA:21,3
DA:23,3
DA:24,3
DA:25,3
DA:27,3
DA:30,0
DA:31,0
DA:35,0
DA:36,0
DA:37,0
DA:38,0
DA:40,0
DA:46,0
DA:47,0
DA:48,0
DA:49,0
DA:53,3
DA:55,3
DA:62,0
DA:79,0
DA:102,0
LF:25
LH:11
BRDA:18,0,0,3
BRDA:27,1,0,3
BRDA:27,1,1,2
BRDA:35,2,0,0
BRDA:35,2,1,0
BRDA:37,3,0,0
BRDA:37,3,1,0
BRDA:37,4,0,0
BRDA:37,4,1,0
BRDA:46,5,0,0
BRDA:46,5,1,0
BRDA:53,6,0,3
BRDA:53,6,1,3
BRDA:59,7,0,3
BRDA:59,7,1,3
BRDA:70,8,0,3
BRDA:70,8,1,0
BRDA:73,9,0,0
BRDA:73,9,1,0
BRDA:76,10,0,0
BRDA:76,10,1,0
BRDA:85,11,0,2
BRDA:85,11,1,1
BRF:23
BRH:10
end_of_record
TN:
SF:src/modules/auth/api/auth.api.ts
FN:9,(anonymous_0)
FN:14,(anonymous_1)
FNF:2
FNH:2
FNDA:8,(anonymous_0)
FNDA:2,(anonymous_1)
DA:8,3
DA:10,8
DA:11,6
DA:15,2
DA:16,1
LF:5
LH:5
BRF:0
BRH:0
end_of_record
TN:
SF:src/modules/auth/hooks/useCurrentUser.ts
FN:11,useCurrentUser
FN:13,(anonymous_1)
FNF:2
FNH:2
FNDA:5,useCurrentUser
FNDA:18,(anonymous_1)
DA:12,5
DA:13,18
LF:2
LH:2
BRDA:16,0,0,18
BRDA:16,0,1,12
BRF:2
BRH:2
end_of_record
TN:
SF:src/modules/auth/hooks/useLogin.ts
FN:7,useLogin
FN:8,(anonymous_1)
FN:12,(anonymous_2)
FN:13,(anonymous_3)
FNF:4
FNH:4
FNDA:42,useLogin
FNDA:132,(anonymous_1)
FNDA:8,(anonymous_2)
FNDA:6,(anonymous_3)
DA:8,132
DA:9,42
DA:11,42
DA:12,8
DA:14,6
DA:19,6
DA:20,6
LF:7
LH:7
BRDA:19,0,0,2
BRDA:19,0,1,4
BRF:2
BRH:2
end_of_record
TN:
SF:src/modules/auth/hooks/useLogout.ts
FN:6,useLogout
FN:7,(anonymous_1)
FN:11,(anonymous_2)
FNF:3
FNH:3
FNDA:2,useLogout
FNDA:8,(anonymous_1)
FNDA:2,(anonymous_2)
DA:7,8
DA:8,2
DA:9,2
DA:11,2
DA:12,2
DA:13,2
DA:14,2
LF:7
LH:7
BRF:0
BRH:0
end_of_record
TN:
SF:src/modules/auth/hooks/useRegister.ts
FN:7,useRegister
FN:8,(anonymous_1)
FN:12,(anonymous_2)
FN:13,(anonymous_3)
FNF:4
FNH:4
FNDA:18,useRegister
FNDA:58,(anonymous_1)
FNDA:2,(anonymous_2)
FNDA:1,(anonymous_3)
DA:8,58
DA:9,18
DA:11,18
DA:12,2
DA:14,1
DA:19,1
LF:6
LH:6
BRF:0
BRH:0
end_of_record
TN:
SF:src/modules/auth/pages/LoginPage.tsx
FN:7,LoginPage
FN:16,(anonymous_1)
FNF:2
FNH:2
FNDA:42,LoginPage
FNDA:8,(anonymous_1)
DA:12,42
DA:14,42
DA:16,42
DA:17,8
DA:20,42
LF:5
LH:5
BRDA:25,0,0,42
BRDA:25,0,1,4
BRDA:41,1,0,1
BRDA:41,1,1,41
BRDA:44,2,0,42
BRDA:44,2,1,1
BRDA:61,3,0,2
BRDA:61,3,1,40
BRDA:64,4,0,42
BRDA:64,4,1,2
BRDA:76,5,0,4
BRDA:76,5,1,38
BRF:12
BRH:12
end_of_record
TN:
SF:src/modules/auth/pages/RegisterPage.tsx
FN:7,RegisterPage
FN:16,(anonymous_1)
FNF:2
FNH:2
FNDA:18,RegisterPage
FNDA:2,(anonymous_1)
DA:12,18
DA:14,18
DA:16,18
DA:17,2
DA:20,18
LF:5
LH:5
BRDA:25,0,0,18
BRDA:25,0,1,2
BRDA:42,1,0,1
BRDA:42,1,1,17
BRDA:45,2,0,18
BRDA:45,2,1,1
BRDA:62,3,0,1
BRDA:62,3,1,17
BRDA:65,4,0,18
BRDA:65,4,1,1
BRDA:83,5,0,1
BRDA:83,5,1,17
BRDA:86,6,0,18
BRDA:86,6,1,1
BRDA:103,7,0,2
BRDA:103,7,1,16
BRDA:106,8,0,18
BRDA:106,8,1,2
BRDA:118,9,0,0
BRDA:118,9,1,18
BRF:20
BRH:19
end_of_record
TN:
SF:src/modules/auth/store/authStore.ts
FN:19,notifyOtherTabs
FN:29,(anonymous_1)
FN:31,(anonymous_2)
FN:32,(anonymous_3)
FNF:4
FNH:4
FNDA:11,notifyOtherTabs
FNDA:20,(anonymous_1)
FNDA:12,(anonymous_2)
FNDA:11,(anonymous_3)
DA:11,20
DA:17,20
DA:20,11
DA:21,11
DA:22,11
DA:23,11
DA:29,20
DA:31,12
DA:33,11
DA:34,11
LF:10
LH:10
BRF:0
BRH:0
end_of_record
TN:
SF:src/modules/auth/utils/authBroadcast.ts
FN:11,initAuthBroadcastSync
FN:15,(anonymous_1)
FN:21,(anonymous_2)
FN:24,(anonymous_3)
FNF:4
FNH:3
FNDA:1,initAuthBroadcastSync
FNDA:1,(anonymous_1)
FNDA:1,(anonymous_2)
FNDA:0,(anonymous_3)
DA:3,1
DA:12,1
DA:13,1
DA:15,1
DA:16,1
DA:17,1
DA:21,1
DA:24,0
LF:8
LH:7
BRDA:16,0,0,1
BRDA:16,0,1,0
BRF:2
BRH:1
end_of_record
TN:
SF:src/modules/auth/utils/authSchemas.ts
FNF:0
FNH:0
DA:3,4
DA:8,4
LF:2
LH:2
BRF:0
BRH:0
end_of_record
TN:
SF:src/modules/cart/api/cart.api.ts
FN:17,(anonymous_0)
FN:22,(anonymous_1)
FN:29,(anonymous_2)
FN:42,(anonymous_3)
FN:56,(anonymous_4)
FNF:5
FNH:5
FNDA:1,(anonymous_0)
FNDA:11,(anonymous_1)
FNDA:3,(anonymous_2)
FNDA:4,(anonymous_3)
FNDA:2,(anonymous_4)
DA:16,4
DA:18,1
DA:19,1
DA:23,11
DA:26,10
DA:34,3
DA:39,2
DA:48,4
DA:53,2
DA:57,2
DA:61,2
LF:11
LH:11
BRF:0
BRH:0
end_of_record
TN:
SF:src/modules/cart/components/CartDrawer.tsx
FN:9,CartDrawer
FN:10,(anonymous_1)
FN:11,(anonymous_2)
FN:17,(anonymous_3)
FN:21,(anonymous_4)
FN:22,(anonymous_5)
FN:29,(anonymous_6)
FN:32,handleKeyDown
FN:37,(anonymous_8)
FN:41,(anonymous_9)
FN:43,(anonymous_10)
FN:48,(anonymous_11)
FN:130,(anonymous_12)
FNF:13
FNH:11
FNDA:23,CartDrawer
FNDA:76,(anonymous_1)
FNDA:76,(anonymous_2)
FNDA:14,(anonymous_3)
FNDA:0,(anonymous_4)
FNDA:7,(anonymous_5)
FNDA:14,(anonymous_6)
FNDA:0,handleKeyDown
FNDA:7,(anonymous_8)
FNDA:14,(anonymous_9)
FNDA:14,(anonymous_10)
FNDA:8,(anonymous_11)
FNDA:8,(anonymous_12)
DA:10,76
DA:11,76
DA:12,23
DA:13,23
DA:14,23
DA:17,23
DA:18,14
DA:19,7
DA:21,7
DA:22,7
DA:23,7
DA:24,7
DA:29,23
DA:30,14
DA:33,0
DA:36,7
DA:37,7
DA:41,23
DA:42,14
DA:43,14
DA:44,14
DA:48,23
DA:49,23
DA:51,23
DA:131,8
LF:25
LH:24
BRDA:18,0,0,7
BRDA:18,0,1,7
BRDA:23,1,0,7
BRDA:23,1,1,0
BRDA:30,2,0,7
BRDA:30,2,1,7
BRDA:33,3,0,0
BRDA:33,3,1,0
BRDA:42,4,0,7
BRDA:42,4,1,7
BRDA:48,5,0,23
BRDA:48,5,1,14
BRDA:49,6,0,23
BRDA:49,6,1,14
BRDA:54,7,0,23
BRDA:54,7,1,16
BRDA:70,8,0,16
BRDA:70,8,1,7
BRDA:77,9,0,23
BRDA:77,9,1,8
BRDA:98,10,0,7
BRDA:98,10,1,16
BRDA:103,11,0,8
BRDA:103,11,1,8
BRDA:103,12,0,16
BRDA:103,12,1,9
BRDA:138,13,0,23
BRDA:138,13,1,9
BRDA:138,13,2,8
BRF:29
BRH:26
end_of_record
TN:
SF:src/modules/cart/components/CartItem.tsx
FN:9,CartItem
FN:17,handleDecrement
FN:25,handleIncrement
FN:29,handleRemove
FNF:4
FNH:3
FNDA:11,CartItem
FNDA:0,handleDecrement
FNDA:2,handleIncrement
FNDA:1,handleRemove
DA:10,11
DA:11,11
DA:13,11
DA:14,11
DA:15,11
DA:18,0
DA:19,0
DA:21,0
DA:26,2
DA:30,1
DA:33,11
LF:11
LH:8
BRDA:15,0,0,11
BRDA:15,0,1,11
BRDA:18,1,0,0
BRDA:18,1,1,0
BRDA:37,2,0,0
BRDA:37,2,1,11
BRF:6
BRH:3
end_of_record
TN:
SF:src/modules/cart/hooks/useCart.ts
FN:10,(anonymous_0)
FN:14,useCart
FN:19,(anonymous_2)
FN:26,useCreateCart
FN:27,(anonymous_4)
FN:31,(anonymous_5)
FN:32,(anonymous_6)
FN:40,useAddToCart
FN:42,(anonymous_8)
FN:46,(anonymous_9)
FN:61,(anonymous_10)
FN:69,(anonymous_11)
FN:77,(anonymous_12)
FN:85,useUpdateCartItem
FN:90,(anonymous_14)
FN:95,(anonymous_15)
FN:102,(anonymous_16)
FN:110,(anonymous_17)
FN:117,(anonymous_18)
FN:124,useRemoveCartItem
FN:129,(anonymous_20)
FN:134,(anonymous_21)
FN:141,(anonymous_22)
FN:147,(anonymous_23)
FN:154,(anonymous_24)
FNF:25
FNH:20
FNDA:99,(anonymous_0)
FNDA:71,useCart
FNDA:11,(anonymous_2)
FNDA:0,useCreateCart
FNDA:0,(anonymous_4)
FNDA:0,(anonymous_5)
FNDA:0,(anonymous_6)
FNDA:36,useAddToCart
FNDA:119,(anonymous_8)
FNDA:3,(anonymous_9)
FNDA:3,(anonymous_10)
FNDA:1,(anonymous_11)
FNDA:2,(anonymous_12)
FNDA:20,useUpdateCartItem
FNDA:5,(anonymous_14)
FNDA:5,(anonymous_15)
FNDA:2,(anonymous_16)
FNDA:3,(anonymous_17)
FNDA:2,(anonymous_18)
FNDA:14,useRemoveCartItem
FNDA:2,(anonymous_20)
FNDA:2,(anonymous_21)
FNDA:1,(anonymous_22)
FNDA:0,(anonymous_23)
FNDA:2,(anonymous_24)
DA:8,4
DA:10,99
DA:15,71
DA:17,71
DA:19,11
DA:27,0
DA:28,0
DA:30,0
DA:31,0
DA:33,0
DA:34,0
DA:41,36
DA:42,119
DA:43,36
DA:45,36
DA:47,3
DA:48,3
DA:51,3
DA:52,1
DA:53,1
DA:54,1
DA:55,1
DA:58,3
DA:62,3
DA:64,2
DA:65,2
DA:66,2
DA:71,1
DA:72,0
DA:74,1
DA:78,2
DA:79,2
DA:86,20
DA:87,20
DA:89,20
DA:91,5
DA:92,4
DA:96,5
DA:97,4
DA:98,4
DA:99,4
DA:100,2
DA:103,2
DA:107,4
DA:111,3
DA:112,1
DA:114,3
DA:118,2
DA:125,14
DA:126,14
DA:128,14
DA:130,2
DA:131,2
DA:135,2
DA:136,2
DA:137,2
DA:138,2
DA:139,1
DA:141,1
DA:144,2
DA:148,0
DA:149,0
DA:151,0
DA:155,2
DA:156,2
LF:65
LH:55
BRDA:18,0,0,71
BRDA:18,0,1,23
BRDA:20,1,0,71
BRDA:20,1,1,48
BRDA:51,2,0,1
BRDA:51,2,1,2
BRDA:51,3,0,3
BRDA:51,3,1,2
BRDA:62,4,0,1
BRDA:62,4,1,2
BRDA:71,5,0,0
BRDA:71,5,1,1
BRDA:71,6,0,1
BRDA:71,6,1,1
BRDA:91,7,0,1
BRDA:91,7,1,4
BRDA:91,8,0,5
BRDA:91,8,1,4
BRDA:96,9,0,1
BRDA:96,9,1,4
BRDA:99,10,0,2
BRDA:99,10,1,2
BRDA:103,11,0,2
BRDA:103,11,1,0
BRDA:111,12,0,1
BRDA:111,12,1,2
BRDA:111,13,0,3
BRDA:111,13,1,2
BRDA:130,14,0,0
BRDA:130,14,1,2
BRDA:130,15,0,2
BRDA:130,15,1,2
BRDA:135,16,0,0
BRDA:135,16,1,2
BRDA:138,17,0,1
BRDA:138,17,1,1
BRDA:148,18,0,0
BRDA:148,18,1,0
BRDA:148,19,0,0
BRDA:148,19,1,0
BRF:40
BRH:32
end_of_record
TN:
SF:src/modules/cart/store/cartStore.ts
FN:20,readStoredSession
FN:32,(anonymous_1)
FN:37,(anonymous_2)
FN:46,(anonymous_3)
FN:55,(anonymous_4)
FN:56,(anonymous_5)
FNF:6
FNH:6
FNDA:5,readStoredSession
FNDA:5,(anonymous_1)
FNDA:3,(anonymous_2)
FNDA:3,(anonymous_3)
FNDA:2,(anonymous_4)
FNDA:1,(anonymous_5)
DA:3,5
DA:21,5
DA:22,5
DA:23,5
DA:27,5
DA:30,5
DA:32,5
DA:38,3
DA:39,3
DA:43,3
DA:47,3
DA:48,3
DA:52,3
DA:55,2
DA:56,1
LF:15
LH:15
BRDA:23,0,0,0
BRDA:23,0,1,5
BRDA:33,1,0,5
BRDA:33,1,1,5
BRDA:34,2,0,5
BRDA:34,2,1,5
BRF:6
BRH:5
end_of_record
TN:
SF:src/modules/categories/api/categories.api.ts
FN:12,(anonymous_0)
FNF:1
FNH:1
FNDA:16,(anonymous_0)
DA:11,2
DA:13,16
DA:16,15
LF:3
LH:3
BRF:0
BRH:0
end_of_record
TN:
SF:src/modules/categories/components/CategoryNav.tsx
FN:13,CategoryNav
FN:35,(anonymous_1)
FNF:2
FNH:2
FNDA:30,CategoryNav
FNDA:30,(anonymous_1)
DA:14,30
DA:15,30
DA:17,30
DA:36,30
LF:4
LH:4
BRDA:25,0,0,30
BRDA:25,0,1,0
BRDA:29,1,0,30
BRDA:29,1,1,0
BRDA:41,2,0,0
BRDA:41,2,1,30
BRDA:45,3,0,0
BRDA:45,3,1,30
BRF:8
BRH:4
end_of_record
TN:
SF:src/modules/categories/hooks/useCategories.ts
FN:7,(anonymous_0)
FN:14,useCategories
FN:17,(anonymous_2)
FNF:3
FNH:3
FNDA:49,(anonymous_0)
FNDA:49,useCategories
FNDA:16,(anonymous_2)
DA:5,2
DA:7,49
DA:15,49
DA:17,16
LF:4
LH:4
BRF:0
BRH:0
end_of_record
TN:
SF:src/modules/checkout/api/checkout.api.ts
FN:9,(anonymous_0)
FNF:1
FNH:1
FNDA:3,(anonymous_0)
DA:8,1
DA:10,3
DA:11,2
LF:3
LH:3
BRF:0
BRH:0
end_of_record
TN:
SF:src/modules/checkout/hooks/useCheckout.ts
FN:10,useCheckout
FN:12,(anonymous_1)
FN:17,(anonymous_2)
FN:22,(anonymous_3)
FN:32,(anonymous_4)
FNF:5
FNH:5
FNDA:25,useCheckout
FNDA:78,(anonymous_1)
FNDA:3,(anonymous_2)
FNDA:2,(anonymous_3)
FNDA:1,(anonymous_4)
DA:11,25
DA:12,78
DA:13,25
DA:14,25
DA:16,25
DA:18,3
DA:19,3
DA:24,2
DA:25,2
DA:27,2
DA:28,2
DA:29,2
DA:33,1
LF:13
LH:13
BRDA:18,0,0,0
BRDA:18,0,1,3
BRDA:24,1,0,2
BRDA:24,1,1,0
BRF:4
BRH:2
end_of_record
TN:
SF:src/modules/checkout/pages/CheckoutPage.tsx
FN:9,OrderSummary
FN:28,(anonymous_1)
FN:48,CheckoutPage
FN:61,(anonymous_3)
FNF:4
FNH:4
FNDA:23,OrderSummary
FNDA:7,(anonymous_1)
FNDA:25,CheckoutPage
FNDA:3,(anonymous_3)
DA:10,23
DA:12,23
DA:13,15
DA:14,8
DA:24,7
DA:29,7
DA:49,25
DA:50,25
DA:51,25
DA:57,25
DA:61,25
DA:62,3
DA:65,25
LF:13
LH:13
BRDA:12,0,0,8
BRDA:12,0,1,15
BRDA:13,1,0,8
BRDA:13,1,1,7
BRDA:13,2,0,15
BRDA:13,2,1,7
BRDA:51,3,0,25
BRDA:51,3,1,16
BRDA:128,4,0,25
BRDA:128,4,1,21
BRDA:131,5,0,4
BRDA:131,5,1,21
BRF:12
BRH:12
end_of_record
TN:
SF:src/modules/checkout/pages/ConfirmationPage.tsx
FN:4,ConfirmationPage
FNF:1
FNH:1
FNDA:3,ConfirmationPage
DA:5,3
DA:7,3
LF:2
LH:2
BRDA:28,0,0,3
BRDA:28,0,1,3
BRF:2
BRH:2
end_of_record
TN:
SF:src/modules/checkout/schemas/checkoutSchemas.ts
FNF:0
FNH:0
DA:3,2
LF:1
LH:1
BRF:0
BRH:0
end_of_record
TN:
SF:src/modules/orders/api/refund.api.ts
FN:5,(anonymous_0)
FNF:1
FNH:1
FNDA:2,(anonymous_0)
DA:4,1
DA:9,2
DA:13,1
LF:3
LH:3
BRF:0
BRH:0
end_of_record
TN:
SF:src/modules/orders/components/RefundForm.tsx
FN:26,RefundForm
FN:38,(anonymous_1)
FN:40,(anonymous_2)
FNF:3
FNH:3
FNDA:18,RefundForm
FNDA:2,(anonymous_1)
FNDA:1,(anonymous_2)
DA:14,1
DA:20,1
DA:27,18
DA:34,18
DA:38,18
DA:39,2
DA:40,1
DA:45,18
DA:46,2
DA:47,2
DA:78,16
LF:11
LH:11
BRDA:45,0,0,2
BRDA:45,0,1,16
BRDA:45,1,0,18
BRDA:45,1,1,2
BRDA:83,2,0,2
BRDA:83,2,1,14
BRDA:108,3,0,1
BRDA:108,3,1,15
BRDA:112,4,0,1
BRDA:112,4,1,15
BRDA:115,5,0,18
BRDA:115,5,1,1
BRDA:129,6,0,0
BRDA:129,6,1,16
BRF:14
BRH:13
end_of_record
TN:
SF:src/modules/orders/hooks/useRefundRequest.ts
FN:7,useRefundRequest
FN:9,(anonymous_1)
FN:11,(anonymous_2)
FN:17,(anonymous_3)
FNF:4
FNH:4
FNDA:18,useRefundRequest
FNDA:2,(anonymous_1)
FNDA:1,(anonymous_2)
FNDA:1,(anonymous_3)
DA:8,18
DA:9,2
DA:12,1
DA:18,1
LF:4
LH:4
BRF:0
BRH:0
end_of_record
TN:
SF:src/modules/orders/schemas/refundSchemas.ts
FNF:0
FNH:0
DA:3,2
LF:1
LH:1
BRF:0
BRH:0
end_of_record
TN:
SF:src/modules/products/api/products.api.ts
FN:23,(anonymous_0)
FN:30,(anonymous_1)
FNF:2
FNH:2
FNDA:21,(anonymous_0)
FNDA:13,(anonymous_1)
DA:22,2
DA:24,21
DA:27,19
DA:31,13
DA:32,9
LF:5
LH:5
BRF:0
BRH:0
end_of_record
TN:
SF:src/modules/products/components/ProductCard.tsx
FN:11,ProductCard
FN:23,(anonymous_1)
FN:24,(anonymous_2)
FN:63,(anonymous_3)
FN:64,(anonymous_4)
FN:82,(anonymous_5)
FNF:6
FNH:6
FNDA:27,ProductCard
FNDA:1,(anonymous_1)
FNDA:1,(anonymous_2)
FNDA:1,(anonymous_3)
FNDA:1,(anonymous_4)
FNDA:1,(anonymous_5)
DA:12,27
DA:13,27
DA:15,27
DA:23,1
DA:24,1
DA:63,1
DA:64,1
DA:82,1
LF:8
LH:8
BRDA:28,0,0,1
BRDA:28,0,1,26
BRDA:75,1,0,1
BRDA:75,1,1,26
BRDA:78,2,0,26
BRDA:78,2,1,2
BRF:6
BRH:6
end_of_record
TN:
SF:src/modules/products/hooks/useProducts.ts
FN:7,(anonymous_0)
FN:8,(anonymous_1)
FN:11,useProducts
FN:14,(anonymous_3)
FN:19,useProductDetails
FN:22,(anonymous_5)
FN:32,usePrefetchProduct
FN:35,(anonymous_7)
FN:38,(anonymous_8)
FNF:9
FNH:9
FNDA:49,(anonymous_0)
FNDA:38,(anonymous_1)
FNDA:49,useProducts
FNDA:21,(anonymous_3)
FNDA:34,useProductDetails
FNDA:11,(anonymous_5)
FNDA:27,usePrefetchProduct
FNDA:4,(anonymous_7)
FNDA:2,(anonymous_8)
DA:5,2
DA:7,49
DA:8,38
DA:12,49
DA:14,21
DA:20,34
DA:22,11
DA:33,27
DA:35,27
DA:36,4
DA:38,2
LF:11
LH:11
BRF:0
BRH:0
end_of_record
TN:
SF:src/modules/products/pages/ProductDetailsPage.tsx
FN:9,ProductDetailContent
FN:13,(anonymous_1)
FN:37,(anonymous_2)
FN:108,(anonymous_3)
FN:111,(anonymous_4)
FN:123,ProductDetailsPage
FNF:6
FNH:6
FNDA:30,ProductDetailContent
FNDA:95,(anonymous_1)
FNDA:1,(anonymous_2)
FNDA:1,(anonymous_3)
FNDA:1,(anonymous_4)
FNDA:12,ProductDetailsPage
DA:10,30
DA:11,30
DA:12,30
DA:13,95
DA:15,30
DA:16,9
DA:28,20
DA:29,5
DA:30,5
DA:31,3
DA:37,1
DA:43,2
DA:46,15
DA:48,15
DA:50,15
DA:109,1
DA:111,1
DA:124,12
DA:126,12
DA:127,1
DA:134,10
LF:21
LH:21
BRDA:15,0,0,9
BRDA:15,0,1,21
BRDA:28,1,0,5
BRDA:28,1,1,15
BRDA:29,2,0,5
BRDA:29,2,1,0
BRDA:30,3,0,3
BRDA:30,3,1,2
BRDA:46,4,0,0
BRDA:46,4,1,15
BRDA:54,5,0,0
BRDA:54,5,1,15
BRDA:89,6,0,4
BRDA:89,6,1,11
BRDA:104,7,0,30
BRDA:104,7,1,11
BRDA:115,8,0,4
BRDA:115,8,1,11
BRDA:115,9,0,0
BRDA:115,9,1,11
BRDA:126,10,0,1
BRDA:126,10,1,11
BRF:22
BRH:18
end_of_record
TN:
SF:src/modules/products/pages/ProductListPage.tsx
FN:13,ProductListContent
FN:31,(anonymous_1)
FN:32,(anonymous_2)
FN:47,(anonymous_3)
FN:79,(anonymous_4)
FN:89,(anonymous_5)
FN:102,(anonymous_6)
FN:112,(anonymous_7)
FN:123,(anonymous_8)
FN:138,(anonymous_9)
FN:150,(anonymous_10)
FN:163,ProductListPage
FNF:12
FNH:12
FNDA:43,ProductListContent
FNDA:4,(anonymous_1)
FNDA:4,(anonymous_2)
FNDA:2,(anonymous_3)
FNDA:7,(anonymous_4)
FNDA:1,(anonymous_5)
FNDA:216,(anonymous_6)
FNDA:1,(anonymous_7)
FNDA:21,(anonymous_8)
FNDA:1,(anonymous_9)
FNDA:1,(anonymous_10)
FNDA:13,ProductListPage
DA:11,1
DA:14,43
DA:15,43
DA:17,43
DA:18,43
DA:19,43
DA:21,43
DA:28,43
DA:30,43
DA:32,4
DA:33,4
DA:34,4
DA:35,3
DA:37,1
DA:39,4
DA:40,4
DA:46,43
DA:48,2
DA:49,2
DA:54,43
DA:56,43
DA:58,43
DA:79,7
DA:90,1
DA:91,1
DA:103,216
DA:113,1
DA:114,1
DA:124,21
DA:138,1
DA:150,1
DA:164,13
LF:32
LH:32
BRDA:15,0,0,43
BRDA:15,0,1,33
BRDA:17,1,0,43
BRDA:17,1,1,42
BRDA:18,2,0,43
BRDA:18,2,1,33
BRDA:19,3,0,43
BRDA:19,3,1,41
BRDA:34,4,0,3
BRDA:34,4,1,1
BRDA:49,5,0,2
BRDA:49,5,1,1
BRDA:54,6,0,0
BRDA:54,6,1,43
BRDA:56,7,0,25
BRDA:56,7,1,18
BRDA:61,8,0,43
BRDA:61,8,1,30
BRDA:61,8,2,30
BRDA:84,9,0,43
BRDA:84,9,1,33
BRDA:84,9,2,11
BRDA:100,10,0,18
BRDA:100,10,1,25
BRDA:106,11,0,4
BRDA:106,11,1,21
BRDA:106,12,0,25
BRDA:106,12,1,25
BRDA:129,13,0,21
BRDA:129,13,1,5
BRF:30
BRH:29
end_of_record
TN:
SF:src/providers/QueryProvider.tsx
FN:11,QueryProvider
FNF:1
FNH:1
FNDA:2,QueryProvider
DA:12,2
LF:1
LH:1
BRDA:15,0,0,2
BRDA:15,0,1,2
BRF:2
BRH:2
end_of_record
TN:
SF:src/routes/guards/AdminRoute.tsx
FN:4,AdminRoute
FNF:1
FNH:1
FNDA:4,AdminRoute
DA:5,4
DA:7,4
DA:8,2
DA:11,2
DA:12,1
DA:15,1
LF:6
LH:6
BRDA:7,0,0,2
BRDA:7,0,1,2
BRDA:11,1,0,1
BRDA:11,1,1,1
BRF:4
BRH:4
end_of_record
TN:
SF:src/routes/guards/CustomerRoute.tsx
FN:4,CustomerRoute
FNF:1
FNH:1
FNDA:3,CustomerRoute
DA:5,3
DA:7,3
DA:8,1
DA:11,2
DA:12,1
DA:15,1
LF:6
LH:6
BRDA:7,0,0,1
BRDA:7,0,1,2
BRDA:11,1,0,1
BRDA:11,1,1,1
BRF:4
BRH:4
end_of_record
TN:
SF:src/routes/guards/ProtectedRoute.tsx
FN:4,ProtectedRoute
FN:5,(anonymous_1)
FNF:2
FNH:2
FNDA:3,ProtectedRoute
FNDA:10,(anonymous_1)
DA:5,10
DA:7,3
DA:8,2
DA:11,1
LF:4
LH:4
BRDA:7,0,0,2
BRDA:7,0,1,1
BRF:2
BRH:2
end_of_record
TN:
SF:src/shared/api/apiError.ts
FN:11,(anonymous_0)
FN:20,isApiError
FNF:2
FNH:2
FNDA:34,(anonymous_0)
FNDA:32,isApiError
DA:12,34
DA:13,34
DA:14,34
DA:15,34
DA:16,34
DA:21,32
LF:6
LH:6
BRF:0
BRH:0
end_of_record
TN:
SF:src/shared/api/axiosClient.ts
FN:16,(anonymous_0)
FN:25,(anonymous_1)
FN:26,(anonymous_2)
FNF:3
FNH:3
FNDA:141,(anonymous_0)
FNDA:116,(anonymous_1)
FNDA:24,(anonymous_2)
DA:8,16
DA:16,16
DA:17,141
DA:18,141
DA:19,4
DA:21,141
DA:24,16
DA:25,116
DA:27,24
DA:28,24
DA:29,24
DA:31,24
DA:32,24
DA:34,24
DA:35,5
DA:36,5
DA:39,24
DA:42,0
LF:18
LH:17
BRDA:18,0,0,4
BRDA:18,0,1,137
BRDA:27,1,0,24
BRDA:27,1,1,0
BRDA:29,2,0,24
BRDA:29,2,1,0
BRDA:31,3,0,24
BRDA:31,3,1,0
BRDA:31,3,2,0
BRDA:34,4,0,5
BRDA:34,4,1,19
BRF:11
BRH:7
end_of_record
TN:
SF:src/shared/api/contentApi.ts
FN:14,(anonymous_0)
FNF:1
FNH:1
FNDA:2,(anonymous_0)
DA:8,3
DA:15,2
DA:16,2
DA:17,2
DA:22,2
LF:5
LH:5
BRF:0
BRH:0
end_of_record
TN:
SF:src/shared/api/queryClient.ts
FN:14,(anonymous_0)
FNF:1
FNH:1
FNDA:1,(anonymous_0)
DA:5,2
DA:15,1
DA:16,1
LF:3
LH:3
BRF:0
BRH:0
end_of_record
TN:
SF:src/shared/components/ErrorBoundary.tsx
FN:14,(anonymous_0)
FN:19,(anonymous_1)
FN:23,(anonymous_2)
FN:27,(anonymous_3)
FN:31,(anonymous_4)
FNF:5
FNH:5
FNDA:23,(anonymous_0)
FNDA:2,(anonymous_1)
FNDA:4,(anonymous_2)
FNDA:1,(anonymous_3)
FNDA:31,(anonymous_4)
DA:15,23
DA:16,23
DA:20,8
DA:24,4
DA:27,1
DA:28,1
DA:32,31
DA:33,9
DA:34,2
DA:37,7
DA:54,22
LF:11
LH:11
BRDA:32,0,0,9
BRDA:32,0,1,22
BRDA:33,1,0,2
BRDA:33,1,1,7
BRF:4
BRH:4
end_of_record
TN:
SF:src/shared/components/skeleton/AvatarSkeleton.tsx
FN:21,AvatarSkeleton
FNF:1
FNH:1
FNDA:3,AvatarSkeleton
DA:11,3
DA:22,3
DA:24,3
LF:3
LH:3
BRDA:21,0,0,3
BRDA:21,1,0,3
BRDA:36,2,0,3
BRDA:36,2,1,1
BRF:4
BRH:4
end_of_record
TN:
SF:src/shared/components/skeleton/CardSkeleton.tsx
FN:14,CardSkeleton
FN:30,(anonymous_1)
FNF:2
FNH:2
FNDA:229,CardSkeleton
FNDA:669,(anonymous_1)
DA:15,229
DA:31,669
LF:2
LH:2
BRDA:14,0,0,229
BRDA:14,1,0,229
BRDA:22,2,0,229
BRDA:22,2,1,228
BRDA:34,3,0,229
BRDA:34,3,1,440
BRF:6
BRH:6
end_of_record
TN:
SF:src/shared/components/skeleton/Skeleton.tsx
FN:30,Skeleton
FNF:1
FNH:1
FNDA:1727,Skeleton
DA:19,3
DA:38,1727
LF:2
LH:2
BRDA:31,0,0,1727
BRDA:33,1,0,1727
BRDA:34,2,0,1727
BRF:3
BRH:3
end_of_record
TN:
SF:src/shared/components/skeleton/TableRowSkeleton.tsx
FN:14,TableRowSkeleton
FN:20,(anonymous_1)
FN:25,(anonymous_2)
FNF:3
FNH:3
FNDA:2,TableRowSkeleton
FNDA:8,(anonymous_1)
FNDA:26,(anonymous_2)
DA:16,2
DA:18,2
DA:21,8
DA:26,26
LF:4
LH:4
BRDA:14,0,0,2
BRDA:14,1,0,2
BRF:2
BRH:2
end_of_record
TN:
SF:src/shared/components/skeleton/TextSkeleton.tsx
FN:14,TextSkeleton
FN:17,(anonymous_1)
FNF:2
FNH:2
FNDA:43,TextSkeleton
FNDA:109,(anonymous_1)
DA:15,43
DA:18,109
LF:2
LH:2
BRDA:14,0,0,43
BRDA:14,1,0,43
BRDA:20,2,0,33
BRDA:20,2,1,76
BRDA:20,3,0,109
BRDA:20,3,1,43
BRF:6
BRH:6
end_of_record
TN:
SF:src/shared/components/toast/useToast.ts
FN:15,useToast
FN:17,(anonymous_1)
FN:20,(anonymous_2)
FN:23,(anonymous_3)
FN:26,(anonymous_4)
FNF:5
FNH:5
FNDA:6,useToast
FNDA:1,(anonymous_1)
FNDA:1,(anonymous_2)
FNDA:1,(anonymous_3)
FNDA:2,(anonymous_4)
DA:16,6
DA:18,1
DA:21,1
DA:24,1
DA:27,2
LF:5
LH:5
BRF:0
BRH:0
end_of_record
TN:
SF:src/shared/config/env.ts
FN:8,getRequiredEnvVar
FN:19,resolveAppEnv
FNF:2
FNH:2
FNDA:39,getRequiredEnvVar
FNDA:19,resolveAppEnv
DA:9,39
DA:10,39
DA:11,1
DA:16,38
DA:20,19
DA:21,18
DA:23,1
DA:29,20
DA:30,20
DA:31,20
DA:33,20
LF:11
LH:11
BRDA:10,0,0,1
BRDA:10,0,1,38
BRDA:10,1,0,39
BRDA:10,1,1,38
BRDA:10,1,2,38
BRDA:20,2,0,18
BRDA:20,2,1,1
BRDA:20,3,0,19
BRDA:20,3,1,1
BRDA:20,3,2,1
BRF:10
BRH:10
end_of_record
TN:
SF:src/shared/design-system/components/Button.tsx
FN:34,Button
FNF:1
FNH:1
FNDA:171,Button
DA:15,5
DA:28,5
DA:46,171
DA:48,171
LF:4
LH:4
BRDA:35,0,0,171
BRDA:36,1,0,171
BRDA:37,2,0,171
BRDA:42,3,0,171
BRDA:43,4,0,171
BRDA:46,5,0,171
BRDA:46,5,1,144
BRDA:66,6,0,5
BRDA:66,6,1,166
BRDA:77,7,0,166
BRDA:77,7,1,1
BRDA:79,8,0,166
BRDA:79,8,1,1
BRF:13
BRH:13
end_of_record
TN:
SF:src/shared/design-system/components/Card.tsx
FN:23,Card
FNF:1
FNH:1
FNDA:5,Card
DA:9,5
DA:16,5
DA:30,5
LF:3
LH:3
BRDA:25,0,0,5
BRDA:26,1,0,5
BRDA:27,2,0,5
BRF:3
BRH:3
end_of_record
TN:
SF:src/shared/design-system/components/Container.tsx
FN:23,Container
FNF:1
FNH:1
FNDA:55,Container
DA:15,5
DA:30,55
LF:2
LH:2
BRDA:25,0,0,55
BRDA:26,1,0,55
BRDA:27,2,0,55
BRDA:35,3,0,51
BRDA:35,3,1,3
BRF:5
BRH:5
end_of_record
TN:
SF:src/shared/design-system/components/Input.tsx
FN:13,Input
FN:83,(anonymous_1)
FN:83,(anonymous_2)
FNF:3
FNH:3
FNDA:185,Input
FNDA:2,(anonymous_1)
FNDA:2,(anonymous_2)
DA:25,185
DA:26,185
DA:27,185
DA:29,185
DA:30,185
DA:31,185
DA:33,185
DA:83,2
LF:8
LH:8
BRDA:18,0,0,185
BRDA:21,1,0,185
BRDA:27,2,0,4
BRDA:27,2,1,181
BRDA:27,3,0,1
BRDA:27,3,1,3
BRDA:29,4,0,2
BRDA:29,4,1,183
BRDA:30,5,0,15
BRDA:30,5,1,170
BRDA:31,6,0,185
BRDA:31,6,1,169
BRDA:35,7,0,185
BRDA:35,7,1,179
BRDA:45,8,0,185
BRDA:45,8,1,0
BRDA:58,9,0,15
BRDA:58,9,1,170
BRDA:65,10,0,15
BRDA:65,10,1,170
BRDA:68,11,0,1
BRDA:68,11,1,184
BRDA:69,12,0,0
BRDA:69,12,1,185
BRDA:70,13,0,4
BRDA:70,13,1,181
BRDA:70,14,0,185
BRDA:70,14,1,181
BRDA:78,15,0,185
BRDA:78,15,1,4
BRDA:82,16,0,1
BRDA:82,16,1,3
BRDA:86,17,0,1
BRDA:86,17,1,3
BRDA:129,18,0,185
BRDA:129,18,1,181
BRDA:129,18,2,0
BRDA:139,19,0,185
BRDA:139,19,1,15
BRDA:145,20,0,185
BRDA:145,20,1,2
BRDA:145,20,2,1
BRF:42
BRH:39
end_of_record
TN:
SF:src/shared/design-system/tokens/colors.ts
FNF:0
FNH:0
DA:5,4
LF:1
LH:1
BRF:0
BRH:0
end_of_record
TN:
SF:src/shared/design-system/tokens/spacing.ts
FNF:0
FNH:0
DA:5,4
LF:1
LH:1
BRF:0
BRH:0
end_of_record
TN:
SF:src/shared/design-system/tokens/typography.ts
FNF:0
FNH:0
DA:4,4
LF:1
LH:1
BRF:0
BRH:0
end_of_record
TN:
SF:src/shared/utils/errorMapper.ts
FN:11,mapApiErrorToMessage
FNF:1
FNH:1
FNDA:18,mapApiErrorToMessage
DA:3,11
DA:12,18
DA:13,13
DA:16,5
DA:17,3
DA:20,2
LF:6
LH:6
BRDA:12,0,0,13
BRDA:12,0,1,5
BRDA:13,1,0,13
BRDA:13,1,1,7
BRDA:13,1,2,0
BRDA:16,2,0,3
BRDA:16,2,1,2
BRF:7
BRH:6
end_of_record
